REPOSITORY                  TAG                 IMAGE ID            CREATED             SIZE
evgenikk/ubuntu-tmp-file    latest              335e1946b4bb        7 seconds ago       114MB
<none>                      <none>              3fa2f03056ba        35 seconds ago      114MB
hello-world                 latest              4ab4c602aa5e        2 months ago        1.84kB
test                        latest              2dc39d73bc53        4 months ago        908MB
<none>                      <none>              cebade35b124        4 months ago        733MB
<none>                      <none>              12c10b0f063a        4 months ago        733MB
<none>                      <none>              3983562b367c        4 months ago        266MB
pixel/myfirstapp            latest              8fbb2a01ea13        4 months ago        65.8MB
jasonrivers/nagios          latest              8468007f0ad0        5 months ago        823MB
bash                        latest              e6f9405e3ba1        5 months ago        12.3MB
ubuntu                      16.04               5e8b97a2a082        5 months ago        114MB
ubuntu                      latest              113a43faa138        5 months ago        81.2MB
some-nginx1                 latest              f160cb14c0ca        6 months ago        109MB
busybox                     latest              8c811b4aec35        6 months ago        1.15MB
alpine                      3.5                 6c6084ed97e5        10 months ago       3.99MB
dockersamples/static-site   latest              f589ccde7957        2 years ago         191MB

Докер образ это сохраненное состояние контейнера, а контейнер - это инстанс запущенный из образа.
Inspect контейнера содержит "Image", указывающий на образ, из которого конейнер был запущен.
Inspect образа содержит "Parent", указывающий образ из которого был сделан данный образ, путем добавления слоев.
